{
  "stats": {
    "suites": 1,
    "tests": 3,
    "passes": 0,
    "pending": 0,
    "failures": 3,
    "start": "2021-04-19T14:22:15.363Z",
    "end": "2021-04-19T14:24:30.196Z",
    "duration": 134833,
    "testsRegistered": 3,
    "passPercent": 0,
    "pendingPercent": 0,
    "other": 0,
    "hasOther": false,
    "skipped": 0,
    "hasSkipped": false,
    "passPercentClass": "danger",
    "pendingPercentClass": "danger"
  },
  "suites": {
    "uuid": "5e4bd1a1-ed53-4962-9ff5-4ba0ed6c5b37",
    "title": "",
    "fullFile": "",
    "file": "",
    "beforeHooks": [
      {
        "title": "\"before all\" hook: start server",
        "fullTitle": "\"before all\" hook: start server",
        "timedOut": false,
        "duration": 92117,
        "pass": false,
        "fail": false,
        "pending": false,
        "context": "[\n  \"on_server_started\",\n  \"./on_server_started.png\"\n]",
        "code": "return __awaiter(this, void 0, void 0, function* () {\n    nativescript_dev_appium_1.nsCapabilities.testReporter.context = this;\n    yield nativescript_dev_appium_1.startServer();\n});",
        "err": {},
        "isRoot": true,
        "uuid": "8eb0ceb6-084c-4611-aca1-8cdde055fca5",
        "isHook": true,
        "skipped": false
      }
    ],
    "afterHooks": [
      {
        "title": "\"after all\" hook: stop server",
        "fullTitle": "\"after all\" hook: stop server",
        "timedOut": false,
        "duration": 4009,
        "pass": false,
        "fail": false,
        "pending": false,
        "code": "return __awaiter(this, void 0, void 0, function* () {\n    yield nativescript_dev_appium_1.stopServer();\n});",
        "err": {},
        "isRoot": true,
        "uuid": "0fb73406-14a0-4a10-9b53-c85d56e7316a",
        "isHook": true,
        "skipped": false
      }
    ],
    "tests": [],
    "suites": [
      {
        "uuid": "3de57c7a-8d5c-4e93-8dac-3214ea283b78",
        "title": "sample scenario",
        "fullFile": "/Users/rumindersingh/Documents/tunstall/development/angular-app/e2e/sample.e2e-spec.js",
        "file": "/e2e/sample.e2e-spec.js",
        "beforeHooks": [
          {
            "title": "\"before all\" hook",
            "fullTitle": "sample scenario \"before all\" hook",
            "timedOut": false,
            "duration": 20102,
            "pass": false,
            "fail": false,
            "pending": false,
            "context": "[\n  \"appium_driver_started\",\n  \"./appium_driver_started.png\"\n]",
            "code": "return __awaiter(this, void 0, void 0, function* () {\n    nativescript_dev_appium_1.nsCapabilities.testReporter.context = this;\n    driver = yield nativescript_dev_appium_1.createDriver();\n});",
            "err": {},
            "isRoot": false,
            "uuid": "dd00857e-5ea4-4636-b7ee-d7b1c4ffa79a",
            "isHook": true,
            "skipped": false
          }
        ],
        "afterHooks": [
          {
            "title": "\"after all\" hook",
            "fullTitle": "sample scenario \"after all\" hook",
            "timedOut": false,
            "duration": 1122,
            "pass": false,
            "fail": false,
            "pending": false,
            "context": "[\n  \"appium_driver_quit\",\n  \"./appium_driver_quit.png\",\n  \"on_server_stopped\",\n  \"./on_server_stopped.png\"\n]",
            "code": "return __awaiter(this, void 0, void 0, function* () {\n    yield driver.quit();\n    console.log(\"Quit driver!\");\n});",
            "err": {},
            "isRoot": false,
            "uuid": "596b1771-d1b2-4e33-8160-041ccabe7eab",
            "isHook": true,
            "skipped": false
          },
          {
            "title": "\"after each\" hook",
            "fullTitle": "sample scenario \"after each\" hook",
            "timedOut": false,
            "duration": 408,
            "pass": false,
            "fail": false,
            "pending": false,
            "code": "return __awaiter(this, void 0, void 0, function* () {\n    if (this.currentTest.state === \"failed\") {\n        yield driver.logTestArtifacts(this.currentTest.title);\n    }\n});",
            "err": {},
            "isRoot": false,
            "uuid": "8ee6898f-1fa0-4a27-bb11-63b35bbc1355",
            "isHook": true,
            "skipped": false
          }
        ],
        "tests": [
          {
            "title": "should find an element by text",
            "fullTitle": "sample scenario should find an element by text",
            "timedOut": false,
            "duration": 5438,
            "state": "failed",
            "pass": false,
            "fail": true,
            "pending": false,
            "context": "[\n  \"should_find_an_element_by_text\",\n  \"./should_find_an_element_by_text.png\"\n]",
            "code": "return __awaiter(this, void 0, void 0, function* () {\n    const btnTap = yield driver.findElementByAutomationText(\"TAP\");\n    yield btnTap.click();\n    const message = \" taps left\";\n    const lblMessage = yield driver.findElementByText(message, nativescript_dev_appium_1.SearchOptions.contains);\n    chai_1.assert.equal(yield lblMessage.text(), \"41\" + message);\n    // Image verification\n    // const screen = await driver.compareScreen(\"hello-world-41\");\n    // assert.isTrue(screen);\n});",
            "err": {
              "message": "Error: [waitForElementByXPath(\"//*[translate(@content-desc,'ABCDEFGHIJKLMNOPQRSTUVWXYZ','abcdefghijklmnopqrstuvwxyz')='tap' or translate(@resource-id,'ABCDEFGHIJKLMNOPQRSTUVWXYZ','abcdefghijklmnopqrstuvwxyz')='tap' or translate(@text,'ABCDEFGHIJKLMNOPQRSTUVWXYZ','abcdefghijklmnopqrstuvwxyz')='tap']\",5000)] Element condition wasn't satisfied!",
              "estack": "Error: [waitForElementByXPath(\"//*[translate(@content-desc,'ABCDEFGHIJKLMNOPQRSTUVWXYZ','abcdefghijklmnopqrstuvwxyz')='tap' or translate(@resource-id,'ABCDEFGHIJKLMNOPQRSTUVWXYZ','abcdefghijklmnopqrstuvwxyz')='tap' or translate(@text,'ABCDEFGHIJKLMNOPQRSTUVWXYZ','abcdefghijklmnopqrstuvwxyz')='tap']\",5000)] Element condition wasn't satisfied!\n    at /Users/rumindersingh/Documents/tunstall/development/angular-app/node_modules/nativescript-dev-appium/node_modules/wd/lib/commands.js:979:12\n    at /Users/rumindersingh/Documents/tunstall/development/angular-app/node_modules/nativescript-dev-appium/node_modules/wd/lib/commands.js:884:11\n    at /Users/rumindersingh/Documents/tunstall/development/angular-app/node_modules/nativescript-dev-appium/node_modules/wd/lib/commands.js:966:13\n    at /Users/rumindersingh/Documents/tunstall/development/angular-app/node_modules/nativescript-dev-appium/node_modules/async/dist/async.js:3888:9\n    at /Users/rumindersingh/Documents/tunstall/development/angular-app/node_modules/nativescript-dev-appium/node_modules/async/dist/async.js:473:16\n    at replenish (node_modules/nativescript-dev-appium/node_modules/async/dist/async.js:1006:25)\n    at /Users/rumindersingh/Documents/tunstall/development/angular-app/node_modules/nativescript-dev-appium/node_modules/async/dist/async.js:1016:9\n    at eachOfLimit (node_modules/nativescript-dev-appium/node_modules/async/dist/async.js:1041:24)\n    at /Users/rumindersingh/Documents/tunstall/development/angular-app/node_modules/nativescript-dev-appium/node_modules/async/dist/async.js:1046:16\n    at _parallel (node_modules/nativescript-dev-appium/node_modules/async/dist/async.js:3879:5)\n    at Object.series (node_modules/nativescript-dev-appium/node_modules/async/dist/async.js:4735:5)\n    at /Users/rumindersingh/Documents/tunstall/development/angular-app/node_modules/nativescript-dev-appium/node_modules/wd/lib/commands.js:964:15\n    at /Users/rumindersingh/Documents/tunstall/development/angular-app/node_modules/nativescript-dev-appium/node_modules/wd/lib/promise-webdriver.js:52:11\n    at _fulfilled (node_modules/q/q.js:854:54)\n    at /Users/rumindersingh/Documents/tunstall/development/angular-app/node_modules/q/q.js:883:30\n    at Promise.promise.promiseDispatch (node_modules/q/q.js:816:13)\n    at /Users/rumindersingh/Documents/tunstall/development/angular-app/node_modules/q/q.js:624:44\n    at runSingle (node_modules/q/q.js:137:13)\n    at flush (node_modules/q/q.js:125:13)\n    at processTicksAndRejections (internal/process/task_queues.js:75:11)"
            },
            "isRoot": false,
            "uuid": "746dc94d-2ed5-49bc-b850-f8d4048dea3f",
            "isHook": false,
            "skipped": false
          },
          {
            "title": "should find an element by type",
            "fullTitle": "sample scenario should find an element by type",
            "timedOut": false,
            "duration": 5378,
            "state": "failed",
            "pass": false,
            "fail": true,
            "pending": false,
            "context": "[\n  \"should_find_an_element_by_type\",\n  \"./should_find_an_element_by_type.png\"\n]",
            "code": "return __awaiter(this, void 0, void 0, function* () {\n    const btnTap = yield driver.findElementByClassName(driver.locators.button);\n    yield btnTap.click();\n    const message = \" taps left\";\n    const lblMessage = yield driver.findElementByText(message, nativescript_dev_appium_1.SearchOptions.contains);\n    chai_1.assert.equal(yield lblMessage.text(), \"40\" + message);\n});",
            "err": {
              "message": "Error: [waitForElementByXPath(\"//*[contains(translate(@content-desc,'ABCDEFGHIJKLMNOPQRSTUVWXYZ','abcdefghijklmnopqrstuvwxyz'),' taps left') or contains(translate(@resource-id,'ABCDEFGHIJKLMNOPQRSTUVWXYZ','abcdefghijklmnopqrstuvwxyz'),' taps left') or contains(translate(@text,'ABCDEFGHIJKLMNOPQRSTUVWXYZ','abcdefghijklmnopqrstuvwxyz'),' taps left')]\",5000)] Element condition wasn't satisfied!",
              "estack": "Error: [waitForElementByXPath(\"//*[contains(translate(@content-desc,'ABCDEFGHIJKLMNOPQRSTUVWXYZ','abcdefghijklmnopqrstuvwxyz'),' taps left') or contains(translate(@resource-id,'ABCDEFGHIJKLMNOPQRSTUVWXYZ','abcdefghijklmnopqrstuvwxyz'),' taps left') or contains(translate(@text,'ABCDEFGHIJKLMNOPQRSTUVWXYZ','abcdefghijklmnopqrstuvwxyz'),' taps left')]\",5000)] Element condition wasn't satisfied!\n    at /Users/rumindersingh/Documents/tunstall/development/angular-app/node_modules/nativescript-dev-appium/node_modules/wd/lib/commands.js:979:12\n    at /Users/rumindersingh/Documents/tunstall/development/angular-app/node_modules/nativescript-dev-appium/node_modules/wd/lib/commands.js:884:11\n    at /Users/rumindersingh/Documents/tunstall/development/angular-app/node_modules/nativescript-dev-appium/node_modules/wd/lib/commands.js:966:13\n    at /Users/rumindersingh/Documents/tunstall/development/angular-app/node_modules/nativescript-dev-appium/node_modules/async/dist/async.js:3888:9\n    at /Users/rumindersingh/Documents/tunstall/development/angular-app/node_modules/nativescript-dev-appium/node_modules/async/dist/async.js:473:16\n    at replenish (node_modules/nativescript-dev-appium/node_modules/async/dist/async.js:1006:25)\n    at /Users/rumindersingh/Documents/tunstall/development/angular-app/node_modules/nativescript-dev-appium/node_modules/async/dist/async.js:1016:9\n    at eachOfLimit (node_modules/nativescript-dev-appium/node_modules/async/dist/async.js:1041:24)\n    at /Users/rumindersingh/Documents/tunstall/development/angular-app/node_modules/nativescript-dev-appium/node_modules/async/dist/async.js:1046:16\n    at _parallel (node_modules/nativescript-dev-appium/node_modules/async/dist/async.js:3879:5)\n    at Object.series (node_modules/nativescript-dev-appium/node_modules/async/dist/async.js:4735:5)\n    at /Users/rumindersingh/Documents/tunstall/development/angular-app/node_modules/nativescript-dev-appium/node_modules/wd/lib/commands.js:964:15\n    at /Users/rumindersingh/Documents/tunstall/development/angular-app/node_modules/nativescript-dev-appium/node_modules/wd/lib/promise-webdriver.js:52:11\n    at _fulfilled (node_modules/q/q.js:854:54)\n    at /Users/rumindersingh/Documents/tunstall/development/angular-app/node_modules/q/q.js:883:30\n    at Promise.promise.promiseDispatch (node_modules/q/q.js:816:13)\n    at /Users/rumindersingh/Documents/tunstall/development/angular-app/node_modules/q/q.js:624:44\n    at runSingle (node_modules/q/q.js:137:13)\n    at flush (node_modules/q/q.js:125:13)\n    at processTicksAndRejections (internal/process/task_queues.js:75:11)"
            },
            "isRoot": false,
            "uuid": "c1e00d0e-6e0b-47e7-8d0a-f8e2024fea92",
            "isHook": false,
            "skipped": false
          },
          {
            "title": "verify login",
            "fullTitle": "sample scenario verify login",
            "timedOut": false,
            "duration": 5303,
            "state": "failed",
            "pass": false,
            "fail": true,
            "pending": false,
            "context": "[\n  \"verify_login\",\n  \"./verify_login.png\"\n]",
            "code": "__awaiter(this, void 0, void 0, function* () {\n            let el1 = yield driver.findElementByXPath(\"/hierarchy/android.widget.FrameLayout/android.widget.LinearLayout/android.widget.FrameLayout/android.widget.LinearLayout/android.widget.FrameLayout/android.view.ViewGroup/android.view.ViewGroup/android.view.ViewGroup[2]/android.widget.EditText[1]\");\n            yield el1.sendKeys(\"rumi\");\n            let el2 = yield driver.findElementByXPath(\"/hierarchy/android.widget.FrameLayout/android.widget.LinearLayout/android.widget.FrameLayout/android.widget.LinearLayout/android.widget.FrameLayout/android.view.ViewGroup/android.view.ViewGroup/android.view.ViewGroup[2]/android.widget.EditText[2]\");\n            yield el2.sendKeys(\"rumi\");\n            let el3 = yield driver.findElementByXPath(\"/hierarchy/android.widget.FrameLayout/android.widget.LinearLayout/android.widget.FrameLayout/android.widget.LinearLayout/android.widget.FrameLayout/android.view.ViewGroup/android.view.ViewGroup/android.view.ViewGroup[2]/android.widget.Button\");\n            yield el3.click();\n            let el4 = yield driver.findElementByXPath(\"/hierarchy/android.widget.FrameLayout/android.widget.FrameLayout/android.widget.FrameLayout/android.widget.LinearLayout/android.widget.FrameLayout\");\n            chai_1.assert.isTrue(el4.isDisplayed());\n        })",
            "err": {
              "message": "Error: [waitForElementByXPath(\"/hierarchy/android.widget.FrameLayout/android.widget.LinearLayout/android.widget.FrameLayout/android.widget.LinearLayout/android.widget.FrameLayout/android.view.ViewGroup/android.view.ViewGroup/android.view.ViewGroup[2]/android.widget.EditText[1]\",5000)] Element condition wasn't satisfied!",
              "estack": "Error: [waitForElementByXPath(\"/hierarchy/android.widget.FrameLayout/android.widget.LinearLayout/android.widget.FrameLayout/android.widget.LinearLayout/android.widget.FrameLayout/android.view.ViewGroup/android.view.ViewGroup/android.view.ViewGroup[2]/android.widget.EditText[1]\",5000)] Element condition wasn't satisfied!\n    at /Users/rumindersingh/Documents/tunstall/development/angular-app/node_modules/nativescript-dev-appium/node_modules/wd/lib/commands.js:979:12\n    at /Users/rumindersingh/Documents/tunstall/development/angular-app/node_modules/nativescript-dev-appium/node_modules/wd/lib/commands.js:884:11\n    at /Users/rumindersingh/Documents/tunstall/development/angular-app/node_modules/nativescript-dev-appium/node_modules/wd/lib/commands.js:966:13\n    at /Users/rumindersingh/Documents/tunstall/development/angular-app/node_modules/nativescript-dev-appium/node_modules/async/dist/async.js:3888:9\n    at /Users/rumindersingh/Documents/tunstall/development/angular-app/node_modules/nativescript-dev-appium/node_modules/async/dist/async.js:473:16\n    at replenish (node_modules/nativescript-dev-appium/node_modules/async/dist/async.js:1006:25)\n    at /Users/rumindersingh/Documents/tunstall/development/angular-app/node_modules/nativescript-dev-appium/node_modules/async/dist/async.js:1016:9\n    at eachOfLimit (node_modules/nativescript-dev-appium/node_modules/async/dist/async.js:1041:24)\n    at /Users/rumindersingh/Documents/tunstall/development/angular-app/node_modules/nativescript-dev-appium/node_modules/async/dist/async.js:1046:16\n    at _parallel (node_modules/nativescript-dev-appium/node_modules/async/dist/async.js:3879:5)\n    at Object.series (node_modules/nativescript-dev-appium/node_modules/async/dist/async.js:4735:5)\n    at /Users/rumindersingh/Documents/tunstall/development/angular-app/node_modules/nativescript-dev-appium/node_modules/wd/lib/commands.js:964:15\n    at /Users/rumindersingh/Documents/tunstall/development/angular-app/node_modules/nativescript-dev-appium/node_modules/wd/lib/promise-webdriver.js:52:11\n    at _fulfilled (node_modules/q/q.js:854:54)\n    at /Users/rumindersingh/Documents/tunstall/development/angular-app/node_modules/q/q.js:883:30\n    at Promise.promise.promiseDispatch (node_modules/q/q.js:816:13)\n    at /Users/rumindersingh/Documents/tunstall/development/angular-app/node_modules/q/q.js:624:44\n    at runSingle (node_modules/q/q.js:137:13)\n    at flush (node_modules/q/q.js:125:13)\n    at processTicksAndRejections (internal/process/task_queues.js:75:11)"
            },
            "isRoot": false,
            "uuid": "da21797a-0c99-45d8-8fb9-64419ce38f33",
            "isHook": false,
            "skipped": false
          }
        ],
        "suites": [],
        "passes": [],
        "failures": [
          "746dc94d-2ed5-49bc-b850-f8d4048dea3f",
          "c1e00d0e-6e0b-47e7-8d0a-f8e2024fea92",
          "da21797a-0c99-45d8-8fb9-64419ce38f33"
        ],
        "pending": [],
        "skipped": [],
        "duration": 16119,
        "root": false,
        "rootEmpty": false,
        "_timeout": 999999
      }
    ],
    "passes": [],
    "failures": [],
    "pending": [],
    "skipped": [],
    "duration": 0,
    "root": true,
    "rootEmpty": true,
    "_timeout": 999999
  },
  "copyrightYear": 2021
}