{
  "stats": {
    "suites": 1,
    "tests": 2,
    "passes": 2,
    "pending": 0,
    "failures": 0,
    "start": "2021-04-20T12:53:02.861Z",
    "end": "2021-04-20T12:55:08.853Z",
    "duration": 125992,
    "testsRegistered": 2,
    "passPercent": 100,
    "pendingPercent": 0,
    "other": 0,
    "hasOther": false,
    "skipped": 0,
    "hasSkipped": false,
    "passPercentClass": "success",
    "pendingPercentClass": "danger"
  },
  "suites": {
    "uuid": "575c9c50-47ab-4318-b17b-e0ced2ba7f45",
    "title": "",
    "fullFile": "",
    "file": "",
    "beforeHooks": [
      {
        "title": "\"before all\" hook: start server",
        "fullTitle": "\"before all\" hook: start server",
        "timedOut": false,
        "duration": 94148,
        "pass": false,
        "fail": false,
        "pending": false,
        "context": "[\n  \"on_server_started\",\n  \"./on_server_started.png\"\n]",
        "code": "return __awaiter(this, void 0, void 0, function* () {\n    nativescript_dev_appium_1.nsCapabilities.testReporter.context = this;\n    yield nativescript_dev_appium_1.startServer();\n});",
        "err": {},
        "isRoot": true,
        "uuid": "1e7d1a3c-11b2-48ca-a19b-18da8f3a31f0",
        "isHook": true,
        "skipped": false
      }
    ],
    "afterHooks": [
      {
        "title": "\"after all\" hook: stop server",
        "fullTitle": "\"after all\" hook: stop server",
        "timedOut": false,
        "duration": 1918,
        "pass": false,
        "fail": false,
        "pending": false,
        "code": "return __awaiter(this, void 0, void 0, function* () {\n    yield nativescript_dev_appium_1.stopServer();\n});",
        "err": {},
        "isRoot": true,
        "uuid": "806584f8-3a5d-46f5-b16a-9ca0b380b22f",
        "isHook": true,
        "skipped": false
      }
    ],
    "tests": [],
    "suites": [
      {
        "uuid": "5d9ee575-98c8-45ec-b2cc-e4d0b3825ee4",
        "title": "sample scenario",
        "fullFile": "/Users/rumindersingh/Documents/tunstall/development/appium-proj/e2e/sample.e2e-spec.js",
        "file": "/e2e/sample.e2e-spec.js",
        "beforeHooks": [
          {
            "title": "\"before all\" hook",
            "fullTitle": "sample scenario \"before all\" hook",
            "timedOut": false,
            "duration": 13989,
            "pass": false,
            "fail": false,
            "pending": false,
            "context": "[\n  \"appium_driver_started\",\n  \"./appium_driver_started.png\"\n]",
            "code": "return __awaiter(this, void 0, void 0, function* () {\n    nativescript_dev_appium_1.nsCapabilities.testReporter.context = this;\n    driver = yield nativescript_dev_appium_1.createDriver();\n});",
            "err": {},
            "isRoot": false,
            "uuid": "6b5de7cd-6ca0-4fe6-ad87-ee00e26dbb0d",
            "isHook": true,
            "skipped": false
          }
        ],
        "afterHooks": [
          {
            "title": "\"after all\" hook",
            "fullTitle": "sample scenario \"after all\" hook",
            "timedOut": false,
            "duration": 1295,
            "pass": false,
            "fail": false,
            "pending": false,
            "context": "[\n  \"appium_driver_quit\",\n  \"./appium_driver_quit.png\",\n  \"on_server_stopped\",\n  \"./on_server_stopped.png\"\n]",
            "code": "return __awaiter(this, void 0, void 0, function* () {\n    yield driver.quit();\n    console.log(\"Quit driver!\");\n});",
            "err": {},
            "isRoot": false,
            "uuid": "ab23ed76-c536-4875-92b3-bd490300d192",
            "isHook": true,
            "skipped": false
          },
          {
            "title": "\"after each\" hook",
            "fullTitle": "sample scenario \"after each\" hook",
            "timedOut": false,
            "duration": 0,
            "pass": false,
            "fail": false,
            "pending": false,
            "code": "return __awaiter(this, void 0, void 0, function* () {\n    if (this.currentTest.state === \"failed\") {\n        yield driver.logTestArtifacts(this.currentTest.title);\n    }\n});",
            "err": {},
            "isRoot": false,
            "uuid": "b91e96ce-d0c7-4394-a113-c248cd3a2278",
            "isHook": true,
            "skipped": false
          }
        ],
        "tests": [
          {
            "title": "Login Success testing",
            "fullTitle": "sample scenario Login Success testing",
            "timedOut": false,
            "duration": 5869,
            "state": "passed",
            "speed": "slow",
            "pass": true,
            "fail": false,
            "pending": false,
            "code": "__awaiter(this, void 0, void 0, function* () {\n            let el1 = yield driver.findElementByAutomationText(\"username\");\n            yield el1.sendKeys(\"rumi\");\n            let el2 = yield driver.findElementByAutomationText(\"password\");\n            yield el2.sendKeys(\"hello123\");\n            let el3 = yield driver.findElementByText(\"Sign in\", nativescript_dev_appium_1.SearchOptions.exact);\n            yield el3.click();\n            let message = yield driver.findElementByAutomationTextIfExists(\"errorMessage\");\n            chai_1.assert.isUndefined(message);\n        })",
            "err": {},
            "isRoot": false,
            "uuid": "06e18c08-419e-4db4-8f9c-fdc76c44e3a5",
            "isHook": false,
            "skipped": false
          },
          {
            "title": "Login Failure testing",
            "fullTitle": "sample scenario Login Failure testing",
            "timedOut": false,
            "duration": 8765,
            "state": "passed",
            "speed": "slow",
            "pass": true,
            "fail": false,
            "pending": false,
            "code": "__awaiter(this, void 0, void 0, function* () {\n            yield driver.resetApp();\n            let el1 = yield driver.findElementByAutomationText(\"username\");\n            yield el1.sendKeys(\"rumi\");\n            let el2 = yield driver.findElementByAutomationText(\"password\");\n            yield el2.sendKeys(\"hello\");\n            let el3 = yield driver.findElementByText(\"Sign in\", nativescript_dev_appium_1.SearchOptions.exact);\n            yield el3.click();\n            let message = yield driver.findElementByAutomationTextIfExists(\"errorMessage\");\n            chai_1.assert(message.text(), \"Enter correct credentials\");\n        })",
            "err": {},
            "isRoot": false,
            "uuid": "23480c4c-c64d-43de-b72d-36297e92bcc7",
            "isHook": false,
            "skipped": false
          }
        ],
        "suites": [],
        "passes": [
          "06e18c08-419e-4db4-8f9c-fdc76c44e3a5",
          "23480c4c-c64d-43de-b72d-36297e92bcc7"
        ],
        "failures": [],
        "pending": [],
        "skipped": [],
        "duration": 14634,
        "root": false,
        "rootEmpty": false,
        "_timeout": 999999
      }
    ],
    "passes": [],
    "failures": [],
    "pending": [],
    "skipped": [],
    "duration": 0,
    "root": true,
    "rootEmpty": true,
    "_timeout": 999999
  },
  "copyrightYear": 2021
}